<?xml version="1.0" encoding="UTF-8"?>
<testng-results ignored="0" total="1" passed="1" failed="0" skipped="0">
  <reporter-output>
    <line>
      <![CDATA[Open Browser "OrangeHRM" web page]]>
    </line>
    <line>
      <![CDATA[Enter Username and Password]]>
    </line>
    <line>
      <![CDATA[Validate that you have logged in successfully]]>
    </line>
    <line>
      <![CDATA[Click Admin - Go to the admin page]]>
    </line>
    <line>
      <![CDATA[Search username in field "Username"]]>
    </line>
    <line>
      <![CDATA[Click Search]]>
    </line>
    <line>
      <![CDATA[Verify username is not exist in table]]>
    </line>
    <line>
      <![CDATA[Log out]]>
    </line>
    <line>
      <![CDATA[Close Browser]]>
    </line>
  </reporter-output>
  <suite started-at="2021-06-26T15:00:18Z" name="Default suite" finished-at="2021-06-26T15:00:25Z" duration-ms="7542">
    <groups>
    </groups>
    <test started-at="2021-06-26T15:00:18Z" name="Default test" finished-at="2021-06-26T15:00:25Z" duration-ms="7542">
      <class name="com.opensource.admin.qa.TC002_Admin_SearchEmployee_NotExist">
        <test-method is-config="true" signature="beforeTest()[pri:0, instance:com.opensource.admin.qa.TC002_Admin_SearchEmployee_NotExist@4b8ee4de]" started-at="2021-06-26T15:00:18Z" name="beforeTest" finished-at="2021-06-26T15:00:18Z" duration-ms="9" status="PASS">
          <reporter-output>
          </reporter-output>
        </test-method> <!-- beforeTest -->
        <test-method signature="TC002_Admin_SearchEmployee_NotExist()[pri:0, instance:com.opensource.admin.qa.TC002_Admin_SearchEmployee_NotExist@4b8ee4de]" started-at="2021-06-26T15:00:18Z" name="TC002_Admin_SearchEmployee_NotExist" finished-at="2021-06-26T15:00:25Z" duration-ms="7516" status="PASS">
          <reporter-output>
            <line>
              <![CDATA[Open Browser "OrangeHRM" web page]]>
            </line>
            <line>
              <![CDATA[Enter Username and Password]]>
            </line>
            <line>
              <![CDATA[Validate that you have logged in successfully]]>
            </line>
            <line>
              <![CDATA[Click Admin - Go to the admin page]]>
            </line>
            <line>
              <![CDATA[Search username in field "Username"]]>
            </line>
            <line>
              <![CDATA[Click Search]]>
            </line>
            <line>
              <![CDATA[Verify username is not exist in table]]>
            </line>
            <line>
              <![CDATA[Log out]]>
            </line>
            <line>
              <![CDATA[Close Browser]]>
            </line>
          </reporter-output>
        </test-method> <!-- TC002_Admin_SearchEmployee_NotExist -->
        <test-method is-config="true" signature="afterTest()[pri:0, instance:com.opensource.admin.qa.TC002_Admin_SearchEmployee_NotExist@4b8ee4de]" started-at="2021-06-26T15:00:25Z" name="afterTest" finished-at="2021-06-26T15:00:25Z" duration-ms="1" status="PASS">
          <reporter-output>
          </reporter-output>
        </test-method> <!-- afterTest -->
      </class> <!-- com.opensource.admin.qa.TC002_Admin_SearchEmployee_NotExist -->
    </test> <!-- Default test -->
  </suite> <!-- Default suite -->
</testng-results>
